<?xml version="1.0" encoding="UTF-8"?>
<testsuite name="SquadTest" tests="9" skipped="0" failures="0" errors="0" timestamp="2019-04-15T10:01:31" hostname="david-HP-EliteBook-8460p" time="0.006">
  <properties/>
  <testcase name="getHeroes_initiallyReturnsEmptyList_ArrayList" classname="SquadTest" time="0.002"/>
  <testcase name="squad_instantiateWith_String" classname="SquadTest" time="0.0"/>
  <testcase name="squad_instantiateWithSize_int" classname="SquadTest" time="0.0"/>
  <testcase name="find_returnsSquadWithSameId_hero1" classname="SquadTest" time="0.0"/>
  <testcase name="addHero_addHeroToList_true" classname="SquadTest" time="0.001"/>
  <testcase name="squad_instantiatesWithName_String" classname="SquadTest" time="0.0"/>
  <testcase name="all_displaysAllInstancesOfSquad_true" classname="SquadTest" time="0.0"/>
  <testcase name="heroExists_checksIfHeroExistsInSquads_true" classname="SquadTest" time="0.0"/>
  <testcase name="squad_instantiatesCorrectly_true" classname="SquadTest" time="0.0"/>
  <system-out><![CDATA[]]></system-out>
  <system-err><![CDATA[]]></system-err>
</testsuite>
